/app/emacs/emacs/bin/emacs -batch -q -no-site-file -l SKK-MK -f SKK-MK-install
Loading c:/Documents and Settings/646g00148/home/.emacs.d/src/ddskk-15.1/SKK-CFG...
Generating autoloads for c:/Documents and Settings/646g00148/home/.emacs.d/src/ddskk-15.1/skk-viper.el...
Generating autoloads for c:/Documents and Settings/646g00148/home/.emacs.d/src/ddskk-15.1/skk-viper.el...done
Generating autoloads for c:/Documents and Settings/646g00148/home/.emacs.d/src/ddskk-15.1/skk-jisx0213.el...
Generating autoloads for c:/Documents and Settings/646g00148/home/.emacs.d/src/ddskk-15.1/skk-jisx0213.el...done
Generating autoloads for c:/Documents and Settings/646g00148/home/.emacs.d/src/ddskk-15.1/skk-emacs.el...
Generating autoloads for c:/Documents and Settings/646g00148/home/.emacs.d/src/ddskk-15.1/skk-emacs.el...done
Generating autoloads for c:/Documents and Settings/646g00148/home/.emacs.d/src/ddskk-15.1/ccc.el...
Generating autoloads for c:/Documents and Settings/646g00148/home/.emacs.d/src/ddskk-15.1/ccc.el...done
Generating autoloads for c:/Documents and Settings/646g00148/home/.emacs.d/src/ddskk-15.1/cdb.el...
Generating autoloads for c:/Documents and Settings/646g00148/home/.emacs.d/src/ddskk-15.1/cdb.el...done
Generating autoloads for c:/Documents and Settings/646g00148/home/.emacs.d/src/ddskk-15.1/context-skk.el...
Generating autoloads for c:/Documents and Settings/646g00148/home/.emacs.d/src/ddskk-15.1/context-skk.el...done
Generating autoloads for c:/Documents and Settings/646g00148/home/.emacs.d/src/ddskk-15.1/queue-m.el...
Generating autoloads for c:/Documents and Settings/646g00148/home/.emacs.d/src/ddskk-15.1/queue-m.el...done
Generating autoloads for c:/Documents and Settings/646g00148/home/.emacs.d/src/ddskk-15.1/skk-abbrev.el...
Generating autoloads for c:/Documents and Settings/646g00148/home/.emacs.d/src/ddskk-15.1/skk-abbrev.el...done
Generating autoloads for c:/Documents and Settings/646g00148/home/.emacs.d/src/ddskk-15.1/skk-act.el...
Generating autoloads for c:/Documents and Settings/646g00148/home/.emacs.d/src/ddskk-15.1/skk-act.el...done
Generating autoloads for c:/Documents and Settings/646g00148/home/.emacs.d/src/ddskk-15.1/skk-annotation.el...
Generating autoloads for c:/Documents and Settings/646g00148/home/.emacs.d/src/ddskk-15.1/skk-annotation.el...done
Generating autoloads for c:/Documents and Settings/646g00148/home/.emacs.d/src/ddskk-15.1/skk-auto.el...
Generating autoloads for c:/Documents and Settings/646g00148/home/.emacs.d/src/ddskk-15.1/skk-auto.el...done
Generating autoloads for c:/Documents and Settings/646g00148/home/.emacs.d/src/ddskk-15.1/skk-azik.el...
Generating autoloads for c:/Documents and Settings/646g00148/home/.emacs.d/src/ddskk-15.1/skk-azik.el...done
Generating autoloads for c:/Documents and Settings/646g00148/home/.emacs.d/src/ddskk-15.1/skk-cdb.el...
Generating autoloads for c:/Documents and Settings/646g00148/home/.emacs.d/src/ddskk-15.1/skk-cdb.el...done
Generating autoloads for c:/Documents and Settings/646g00148/home/.emacs.d/src/ddskk-15.1/skk-comp.el...
Generating autoloads for c:/Documents and Settings/646g00148/home/.emacs.d/src/ddskk-15.1/skk-comp.el...done
Generating autoloads for c:/Documents and Settings/646g00148/home/.emacs.d/src/ddskk-15.1/skk-cursor.el...
Generating autoloads for c:/Documents and Settings/646g00148/home/.emacs.d/src/ddskk-15.1/skk-cursor.el...done
Generating autoloads for c:/Documents and Settings/646g00148/home/.emacs.d/src/ddskk-15.1/skk-cus.el...
Generating autoloads for c:/Documents and Settings/646g00148/home/.emacs.d/src/ddskk-15.1/skk-cus.el...done
Generating autoloads for c:/Documents and Settings/646g00148/home/.emacs.d/src/ddskk-15.1/skk-dcomp.el...
Generating autoloads for c:/Documents and Settings/646g00148/home/.emacs.d/src/ddskk-15.1/skk-dcomp.el...done
Generating autoloads for c:/Documents and Settings/646g00148/home/.emacs.d/src/ddskk-15.1/skk-develop.el...
Generating autoloads for c:/Documents and Settings/646g00148/home/.emacs.d/src/ddskk-15.1/skk-develop.el...done
Generating autoloads for c:/Documents and Settings/646g00148/home/.emacs.d/src/ddskk-15.1/skk-gadget.el...
Generating autoloads for c:/Documents and Settings/646g00148/home/.emacs.d/src/ddskk-15.1/skk-gadget.el...done
Generating autoloads for c:/Documents and Settings/646g00148/home/.emacs.d/src/ddskk-15.1/skk-hint.el...
Generating autoloads for c:/Documents and Settings/646g00148/home/.emacs.d/src/ddskk-15.1/skk-hint.el...done
Generating autoloads for c:/Documents and Settings/646g00148/home/.emacs.d/src/ddskk-15.1/skk-inline.el...
Generating autoloads for c:/Documents and Settings/646g00148/home/.emacs.d/src/ddskk-15.1/skk-inline.el...done
Generating autoloads for c:/Documents and Settings/646g00148/home/.emacs.d/src/ddskk-15.1/skk-isearch.el...
Generating autoloads for c:/Documents and Settings/646g00148/home/.emacs.d/src/ddskk-15.1/skk-isearch.el...done
Generating autoloads for c:/Documents and Settings/646g00148/home/.emacs.d/src/ddskk-15.1/skk-jisx0201.el...
Generating autoloads for c:/Documents and Settings/646g00148/home/.emacs.d/src/ddskk-15.1/skk-jisx0201.el...done
Generating autoloads for c:/Documents and Settings/646g00148/home/.emacs.d/src/ddskk-15.1/skk-jisyo-edit-mode.el...
Generating autoloads for c:/Documents and Settings/646g00148/home/.emacs.d/src/ddskk-15.1/skk-jisyo-edit-mode.el...done
Generating autoloads for c:/Documents and Settings/646g00148/home/.emacs.d/src/ddskk-15.1/skk-kakasi.el...
Generating autoloads for c:/Documents and Settings/646g00148/home/.emacs.d/src/ddskk-15.1/skk-kakasi.el...done
Generating autoloads for c:/Documents and Settings/646g00148/home/.emacs.d/src/ddskk-15.1/skk-kcode.el...
Generating autoloads for c:/Documents and Settings/646g00148/home/.emacs.d/src/ddskk-15.1/skk-kcode.el...done
Generating autoloads for c:/Documents and Settings/646g00148/home/.emacs.d/src/ddskk-15.1/skk-leim.el...
Generating autoloads for c:/Documents and Settings/646g00148/home/.emacs.d/src/ddskk-15.1/skk-leim.el...done
Generating autoloads for c:/Documents and Settings/646g00148/home/.emacs.d/src/ddskk-15.1/skk-look.el...
Generating autoloads for c:/Documents and Settings/646g00148/home/.emacs.d/src/ddskk-15.1/skk-look.el...done
Generating autoloads for c:/Documents and Settings/646g00148/home/.emacs.d/src/ddskk-15.1/skk-macs.el...
Generating autoloads for c:/Documents and Settings/646g00148/home/.emacs.d/src/ddskk-15.1/skk-macs.el...done
Generating autoloads for c:/Documents and Settings/646g00148/home/.emacs.d/src/ddskk-15.1/skk-num.el...
Generating autoloads for c:/Documents and Settings/646g00148/home/.emacs.d/src/ddskk-15.1/skk-num.el...done
Generating autoloads for c:/Documents and Settings/646g00148/home/.emacs.d/src/ddskk-15.1/skk-server-completion.el...
Generating autoloads for c:/Documents and Settings/646g00148/home/.emacs.d/src/ddskk-15.1/skk-server-completion.el...done
Generating autoloads for c:/Documents and Settings/646g00148/home/.emacs.d/src/ddskk-15.1/skk-server.el...
Generating autoloads for c:/Documents and Settings/646g00148/home/.emacs.d/src/ddskk-15.1/skk-server.el...done
Generating autoloads for c:/Documents and Settings/646g00148/home/.emacs.d/src/ddskk-15.1/skk-show-mode.el...
Generating autoloads for c:/Documents and Settings/646g00148/home/.emacs.d/src/ddskk-15.1/skk-show-mode.el...done
Generating autoloads for c:/Documents and Settings/646g00148/home/.emacs.d/src/ddskk-15.1/skk-sticky.el...
Generating autoloads for c:/Documents and Settings/646g00148/home/.emacs.d/src/ddskk-15.1/skk-sticky.el...done
Generating autoloads for c:/Documents and Settings/646g00148/home/.emacs.d/src/ddskk-15.1/skk-tankan.el...
Generating autoloads for c:/Documents and Settings/646g00148/home/.emacs.d/src/ddskk-15.1/skk-tankan.el...done
Generating autoloads for c:/Documents and Settings/646g00148/home/.emacs.d/src/ddskk-15.1/skk-tut.el...
Generating autoloads for c:/Documents and Settings/646g00148/home/.emacs.d/src/ddskk-15.1/skk-tut.el...done
Generating autoloads for c:/Documents and Settings/646g00148/home/.emacs.d/src/ddskk-15.1/skk-vars.el...
Generating autoloads for c:/Documents and Settings/646g00148/home/.emacs.d/src/ddskk-15.1/skk-vars.el...done
Generating autoloads for c:/Documents and Settings/646g00148/home/.emacs.d/src/ddskk-15.1/skk-version.el...
Generating autoloads for c:/Documents and Settings/646g00148/home/.emacs.d/src/ddskk-15.1/skk-version.el...done
Generating autoloads for c:/Documents and Settings/646g00148/home/.emacs.d/src/ddskk-15.1/skk.el...
Generating autoloads for c:/Documents and Settings/646g00148/home/.emacs.d/src/ddskk-15.1/skk.el...done
Generating autoloads for c:/Documents and Settings/646g00148/home/.emacs.d/src/ddskk-15.1/skk-study.el...
Generating autoloads for c:/Documents and Settings/646g00148/home/.emacs.d/src/ddskk-15.1/skk-study.el...done
Loading c:/Documents and Settings/646g00148/home/.emacs.d/src/ddskk-15.1/skk-autoloads.el (source)...
Wrote c:/Documents and Settings/646g00148/home/.emacs.d/src/ddskk-15.1/skk-viper.elc
Wrote c:/Documents and Settings/646g00148/home/.emacs.d/src/ddskk-15.1/skk-jisx0213.elc
Wrote c:/Documents and Settings/646g00148/home/.emacs.d/src/ddskk-15.1/skk-emacs.elc
Wrote c:/Documents and Settings/646g00148/home/.emacs.d/src/ddskk-15.1/ccc.elc
Wrote c:/Documents and Settings/646g00148/home/.emacs.d/src/ddskk-15.1/cdb.elc
Wrote c:/Documents and Settings/646g00148/home/.emacs.d/src/ddskk-15.1/context-skk.elc
Wrote c:/Documents and Settings/646g00148/home/.emacs.d/src/ddskk-15.1/queue-m.elc
Wrote c:/Documents and Settings/646g00148/home/.emacs.d/src/ddskk-15.1/skk-abbrev.elc
Wrote c:/Documents and Settings/646g00148/home/.emacs.d/src/ddskk-15.1/skk-act.elc
Wrote c:/Documents and Settings/646g00148/home/.emacs.d/src/ddskk-15.1/skk-annotation.elc
Wrote c:/Documents and Settings/646g00148/home/.emacs.d/src/ddskk-15.1/skk-auto.elc
Wrote c:/Documents and Settings/646g00148/home/.emacs.d/src/ddskk-15.1/skk-autoloads.elc
Wrote c:/Documents and Settings/646g00148/home/.emacs.d/src/ddskk-15.1/skk-azik.elc
Wrote c:/Documents and Settings/646g00148/home/.emacs.d/src/ddskk-15.1/skk-cdb.elc
Wrote c:/Documents and Settings/646g00148/home/.emacs.d/src/ddskk-15.1/skk-comp.elc
Wrote c:/Documents and Settings/646g00148/home/.emacs.d/src/ddskk-15.1/skk-cursor.elc
Wrote c:/Documents and Settings/646g00148/home/.emacs.d/src/ddskk-15.1/skk-cus.elc
Wrote c:/Documents and Settings/646g00148/home/.emacs.d/src/ddskk-15.1/skk-dcomp.elc
Wrote c:/Documents and Settings/646g00148/home/.emacs.d/src/ddskk-15.1/skk-develop.elc
Wrote c:/Documents and Settings/646g00148/home/.emacs.d/src/ddskk-15.1/skk-gadget.elc
Wrote c:/Documents and Settings/646g00148/home/.emacs.d/src/ddskk-15.1/skk-hint.elc
Wrote c:/Documents and Settings/646g00148/home/.emacs.d/src/ddskk-15.1/skk-inline.elc
Wrote c:/Documents and Settings/646g00148/home/.emacs.d/src/ddskk-15.1/skk-isearch.elc
Wrote c:/Documents and Settings/646g00148/home/.emacs.d/src/ddskk-15.1/skk-jisx0201.elc
Wrote c:/Documents and Settings/646g00148/home/.emacs.d/src/ddskk-15.1/skk-jisyo-edit-mode.elc
Wrote c:/Documents and Settings/646g00148/home/.emacs.d/src/ddskk-15.1/skk-kakasi.elc
Wrote c:/Documents and Settings/646g00148/home/.emacs.d/src/ddskk-15.1/skk-kcode.elc
Wrote c:/Documents and Settings/646g00148/home/.emacs.d/src/ddskk-15.1/skk-leim.elc
Wrote c:/Documents and Settings/646g00148/home/.emacs.d/src/ddskk-15.1/skk-look.elc
Wrote c:/Documents and Settings/646g00148/home/.emacs.d/src/ddskk-15.1/skk-macs.elc
Wrote c:/Documents and Settings/646g00148/home/.emacs.d/src/ddskk-15.1/skk-num.elc
Wrote c:/Documents and Settings/646g00148/home/.emacs.d/src/ddskk-15.1/skk-server-completion.elc
Wrote c:/Documents and Settings/646g00148/home/.emacs.d/src/ddskk-15.1/skk-server.elc
Wrote c:/Documents and Settings/646g00148/home/.emacs.d/src/ddskk-15.1/skk-show-mode.elc
Wrote c:/Documents and Settings/646g00148/home/.emacs.d/src/ddskk-15.1/skk-sticky.elc
Wrote c:/Documents and Settings/646g00148/home/.emacs.d/src/ddskk-15.1/skk-tankan.elc
Wrote c:/Documents and Settings/646g00148/home/.emacs.d/src/ddskk-15.1/skk-tut.elc
Wrote c:/Documents and Settings/646g00148/home/.emacs.d/src/ddskk-15.1/skk-vars.elc
Wrote c:/Documents and Settings/646g00148/home/.emacs.d/src/ddskk-15.1/skk-version.elc
Wrote c:/Documents and Settings/646g00148/home/.emacs.d/src/ddskk-15.1/skk.elc
Wrote c:/Documents and Settings/646g00148/home/.emacs.d/src/ddskk-15.1/skk-study.elc
skk-viper.el -> c:/Documents and Settings/646g00148/winapp/gnupack_devel-11.00/app/emacs/emacs/site-lisp/skk
skk-viper.elc -> c:/Documents and Settings/646g00148/winapp/gnupack_devel-11.00/app/emacs/emacs/site-lisp/skk
skk-jisx0213.el -> c:/Documents and Settings/646g00148/winapp/gnupack_devel-11.00/app/emacs/emacs/site-lisp/skk
skk-jisx0213.elc -> c:/Documents and Settings/646g00148/winapp/gnupack_devel-11.00/app/emacs/emacs/site-lisp/skk
skk-emacs.el -> c:/Documents and Settings/646g00148/winapp/gnupack_devel-11.00/app/emacs/emacs/site-lisp/skk
skk-emacs.elc -> c:/Documents and Settings/646g00148/winapp/gnupack_devel-11.00/app/emacs/emacs/site-lisp/skk
ccc.el -> c:/Documents and Settings/646g00148/winapp/gnupack_devel-11.00/app/emacs/emacs/site-lisp/skk
ccc.elc -> c:/Documents and Settings/646g00148/winapp/gnupack_devel-11.00/app/emacs/emacs/site-lisp/skk
cdb.el -> c:/Documents and Settings/646g00148/winapp/gnupack_devel-11.00/app/emacs/emacs/site-lisp/skk
cdb.elc -> c:/Documents and Settings/646g00148/winapp/gnupack_devel-11.00/app/emacs/emacs/site-lisp/skk
context-skk.el -> c:/Documents and Settings/646g00148/winapp/gnupack_devel-11.00/app/emacs/emacs/site-lisp/skk
context-skk.elc -> c:/Documents and Settings/646g00148/winapp/gnupack_devel-11.00/app/emacs/emacs/site-lisp/skk
queue-m.el -> c:/Documents and Settings/646g00148/winapp/gnupack_devel-11.00/app/emacs/emacs/site-lisp/skk
queue-m.elc -> c:/Documents and Settings/646g00148/winapp/gnupack_devel-11.00/app/emacs/emacs/site-lisp/skk
skk-abbrev.el -> c:/Documents and Settings/646g00148/winapp/gnupack_devel-11.00/app/emacs/emacs/site-lisp/skk
skk-abbrev.elc -> c:/Documents and Settings/646g00148/winapp/gnupack_devel-11.00/app/emacs/emacs/site-lisp/skk
skk-act.el -> c:/Documents and Settings/646g00148/winapp/gnupack_devel-11.00/app/emacs/emacs/site-lisp/skk
skk-act.elc -> c:/Documents and Settings/646g00148/winapp/gnupack_devel-11.00/app/emacs/emacs/site-lisp/skk
skk-annotation.el -> c:/Documents and Settings/646g00148/winapp/gnupack_devel-11.00/app/emacs/emacs/site-lisp/skk
skk-annotation.elc -> c:/Documents and Settings/646g00148/winapp/gnupack_devel-11.00/app/emacs/emacs/site-lisp/skk
skk-auto.el -> c:/Documents and Settings/646g00148/winapp/gnupack_devel-11.00/app/emacs/emacs/site-lisp/skk
skk-auto.elc -> c:/Documents and Settings/646g00148/winapp/gnupack_devel-11.00/app/emacs/emacs/site-lisp/skk
skk-autoloads.el -> c:/Documents and Settings/646g00148/winapp/gnupack_devel-11.00/app/emacs/emacs/site-lisp/skk
skk-autoloads.elc -> c:/Documents and Settings/646g00148/winapp/gnupack_devel-11.00/app/emacs/emacs/site-lisp/skk
skk-azik.el -> c:/Documents and Settings/646g00148/winapp/gnupack_devel-11.00/app/emacs/emacs/site-lisp/skk
skk-azik.elc -> c:/Documents and Settings/646g00148/winapp/gnupack_devel-11.00/app/emacs/emacs/site-lisp/skk
skk-cdb.el -> c:/Documents and Settings/646g00148/winapp/gnupack_devel-11.00/app/emacs/emacs/site-lisp/skk
skk-cdb.elc -> c:/Documents and Settings/646g00148/winapp/gnupack_devel-11.00/app/emacs/emacs/site-lisp/skk
skk-comp.el -> c:/Documents and Settings/646g00148/winapp/gnupack_devel-11.00/app/emacs/emacs/site-lisp/skk
skk-comp.elc -> c:/Documents and Settings/646g00148/winapp/gnupack_devel-11.00/app/emacs/emacs/site-lisp/skk
skk-cursor.el -> c:/Documents and Settings/646g00148/winapp/gnupack_devel-11.00/app/emacs/emacs/site-lisp/skk
skk-cursor.elc -> c:/Documents and Settings/646g00148/winapp/gnupack_devel-11.00/app/emacs/emacs/site-lisp/skk
skk-cus.el -> c:/Documents and Settings/646g00148/winapp/gnupack_devel-11.00/app/emacs/emacs/site-lisp/skk
skk-cus.elc -> c:/Documents and Settings/646g00148/winapp/gnupack_devel-11.00/app/emacs/emacs/site-lisp/skk
skk-dcomp.el -> c:/Documents and Settings/646g00148/winapp/gnupack_devel-11.00/app/emacs/emacs/site-lisp/skk
skk-dcomp.elc -> c:/Documents and Settings/646g00148/winapp/gnupack_devel-11.00/app/emacs/emacs/site-lisp/skk
skk-develop.el -> c:/Documents and Settings/646g00148/winapp/gnupack_devel-11.00/app/emacs/emacs/site-lisp/skk
skk-develop.elc -> c:/Documents and Settings/646g00148/winapp/gnupack_devel-11.00/app/emacs/emacs/site-lisp/skk
skk-gadget.el -> c:/Documents and Settings/646g00148/winapp/gnupack_devel-11.00/app/emacs/emacs/site-lisp/skk
skk-gadget.elc -> c:/Documents and Settings/646g00148/winapp/gnupack_devel-11.00/app/emacs/emacs/site-lisp/skk
skk-hint.el -> c:/Documents and Settings/646g00148/winapp/gnupack_devel-11.00/app/emacs/emacs/site-lisp/skk
skk-hint.elc -> c:/Documents and Settings/646g00148/winapp/gnupack_devel-11.00/app/emacs/emacs/site-lisp/skk
skk-inline.el -> c:/Documents and Settings/646g00148/winapp/gnupack_devel-11.00/app/emacs/emacs/site-lisp/skk
skk-inline.elc -> c:/Documents and Settings/646g00148/winapp/gnupack_devel-11.00/app/emacs/emacs/site-lisp/skk
skk-isearch.el -> c:/Documents and Settings/646g00148/winapp/gnupack_devel-11.00/app/emacs/emacs/site-lisp/skk
skk-isearch.elc -> c:/Documents and Settings/646g00148/winapp/gnupack_devel-11.00/app/emacs/emacs/site-lisp/skk
skk-jisx0201.el -> c:/Documents and Settings/646g00148/winapp/gnupack_devel-11.00/app/emacs/emacs/site-lisp/skk
skk-jisx0201.elc -> c:/Documents and Settings/646g00148/winapp/gnupack_devel-11.00/app/emacs/emacs/site-lisp/skk
skk-jisyo-edit-mode.el -> c:/Documents and Settings/646g00148/winapp/gnupack_devel-11.00/app/emacs/emacs/site-lisp/skk
skk-jisyo-edit-mode.elc -> c:/Documents and Settings/646g00148/winapp/gnupack_devel-11.00/app/emacs/emacs/site-lisp/skk
skk-kakasi.el -> c:/Documents and Settings/646g00148/winapp/gnupack_devel-11.00/app/emacs/emacs/site-lisp/skk
skk-kakasi.elc -> c:/Documents and Settings/646g00148/winapp/gnupack_devel-11.00/app/emacs/emacs/site-lisp/skk
skk-kcode.el -> c:/Documents and Settings/646g00148/winapp/gnupack_devel-11.00/app/emacs/emacs/site-lisp/skk
skk-kcode.elc -> c:/Documents and Settings/646g00148/winapp/gnupack_devel-11.00/app/emacs/emacs/site-lisp/skk
skk-leim.el -> c:/Documents and Settings/646g00148/winapp/gnupack_devel-11.00/app/emacs/emacs/site-lisp/skk
skk-leim.elc -> c:/Documents and Settings/646g00148/winapp/gnupack_devel-11.00/app/emacs/emacs/site-lisp/skk
skk-look.el -> c:/Documents and Settings/646g00148/winapp/gnupack_devel-11.00/app/emacs/emacs/site-lisp/skk
skk-look.elc -> c:/Documents and Settings/646g00148/winapp/gnupack_devel-11.00/app/emacs/emacs/site-lisp/skk
skk-macs.el -> c:/Documents and Settings/646g00148/winapp/gnupack_devel-11.00/app/emacs/emacs/site-lisp/skk
skk-macs.elc -> c:/Documents and Settings/646g00148/winapp/gnupack_devel-11.00/app/emacs/emacs/site-lisp/skk
skk-num.el -> c:/Documents and Settings/646g00148/winapp/gnupack_devel-11.00/app/emacs/emacs/site-lisp/skk
skk-num.elc -> c:/Documents and Settings/646g00148/winapp/gnupack_devel-11.00/app/emacs/emacs/site-lisp/skk
skk-server-completion.el -> c:/Documents and Settings/646g00148/winapp/gnupack_devel-11.00/app/emacs/emacs/site-lisp/skk
skk-server-completion.elc -> c:/Documents and Settings/646g00148/winapp/gnupack_devel-11.00/app/emacs/emacs/site-lisp/skk
skk-server.el -> c:/Documents and Settings/646g00148/winapp/gnupack_devel-11.00/app/emacs/emacs/site-lisp/skk
skk-server.elc -> c:/Documents and Settings/646g00148/winapp/gnupack_devel-11.00/app/emacs/emacs/site-lisp/skk
skk-show-mode.el -> c:/Documents and Settings/646g00148/winapp/gnupack_devel-11.00/app/emacs/emacs/site-lisp/skk
skk-show-mode.elc -> c:/Documents and Settings/646g00148/winapp/gnupack_devel-11.00/app/emacs/emacs/site-lisp/skk
skk-sticky.el -> c:/Documents and Settings/646g00148/winapp/gnupack_devel-11.00/app/emacs/emacs/site-lisp/skk
skk-sticky.elc -> c:/Documents and Settings/646g00148/winapp/gnupack_devel-11.00/app/emacs/emacs/site-lisp/skk
skk-tankan.el -> c:/Documents and Settings/646g00148/winapp/gnupack_devel-11.00/app/emacs/emacs/site-lisp/skk
skk-tankan.elc -> c:/Documents and Settings/646g00148/winapp/gnupack_devel-11.00/app/emacs/emacs/site-lisp/skk
skk-tut.el -> c:/Documents and Settings/646g00148/winapp/gnupack_devel-11.00/app/emacs/emacs/site-lisp/skk
skk-tut.elc -> c:/Documents and Settings/646g00148/winapp/gnupack_devel-11.00/app/emacs/emacs/site-lisp/skk
skk-vars.el -> c:/Documents and Settings/
Wrote c:/Documents and Settings/646g00148/home/.emacs.d/src/ddskk-15.1/skk-setup.el

Updating node: Top ... 
Updating node: はじめに ... 
Updating node: このバージョンのSKKについて ... 
Updating node: SKKとはなにか ... 
Updating node: インストール ... 
Updating node: APEL のインストール ... 
Updating node: DDSKK のインストール ... 
Updating node: GNU Emacs へのインストール ... 
Updating node: XEmacs へのインストール ... 
Updating node: 対話的なインストール ... 
Updating node: 辞書について ... 
Updating node: 辞書の入手 ... 
Updating node: 辞書を DDSKK と同時にインストールする ... 
Updating node: 辞書サーバの入手 ... 
Updating node: はじめの設定 ... 
Updating node: 最も基本的な設定 ... 
Updating node: インクリメント検索の設定 ... 
Updating node: 辞書サーバを使いたいときの設定 ... 
Updating node: DDSKK を Emacs の Input Method とする ... 
Updating node: 基本的な使い方 ... 
Updating node: 起動と終了 ... 
Updating node: SKKオートフィルモード ... 
Updating node: 辞書の保存 ... 
Updating node: 入力モード ... 
Updating node: 入力モードの説明 ... 
Updating node: 入力モードを切り替えるキー ... 
Updating node: 変換モード ... 
Updating node: ■モード ... 
Updating node: ▽モード ... 
Updating node: 後から▽モードに入る方法 ... 
Updating node: ▽モードを抜ける方法 ... 
Updating node: ▼モード ... 
Updating node: 送り仮名が無い場合 ... 
Updating node: 次候補・前候補 ... 
Updating node: 送り仮名が有る場合 ... 
Updating node: 辞書登録モード ... 
Updating node: 送り仮名が無い場合の辞書登録 ... 
Updating node: 送り仮名が有る場合の辞書登録 ... 
Updating node: サ変動詞の辞書登録に関する注意 ... 
Updating node: 再帰的辞書登録 ... 
Updating node: 改行文字を含む辞書登録 ... 
Updating node: インクリメンタル・サーチ ... 
Updating node: skk-isearchの操作性 ... 
Updating node: skk-isearchと入力モード ... 
Updating node: チュートリアル ... 
Updating node: 便利な応用機能 ... 
Updating node: ファイル構成 ... 
Updating node: ユーザオプションの設定方法 ... 
Updating node: 設定ファイル ... 
Updating node: skk-init-fileの自動コンパイル ... 
Updating node: フック ... 
Updating node: Customize による設定変更 ... 
Updating node: skk-customize による設定変更 ... 
Updating node: カタカナ、英字入力の便法 ... 
Updating node: かなモードからカタカナを入力 ... 
Updating node: 全英文字の入力 ... 
Updating node: 領域の操作 ... 
Updating node: カタカナの見出し語 ... 
Updating node: 文脈に応じた自動モード切り替え ... 
Updating node: 補完 ... 
Updating node: 読みの補完 ... 
Updating node: 補完しながら変換 ... 
Updating node: 動的補完 ... 
Updating node: 便利な変換、その他の変換 ... 
Updating node: 単漢字変換 ... 
Updating node: 検索キーの設定 ... 
Updating node: 辞書の設定 ... 
Updating node: 総画数による単漢字変換 ... 
Updating node: 部首による単漢字変換 ... 
Updating node: 部首の読みによる単漢字変換 ... 
Updating node: 候補の絞り込み ... 
Updating node: 接頭辞・接尾辞 ... 
Updating node: 数値変換 ... 
Updating node: アスキー文字を見出し語とした変換 ... 
Updating node: 今日の日付の入力 ... 
Updating node: プログラム実行変換 ... 
Updating node: 空白・改行・タブを含んだ見出し語の変換 ... 
Updating node: カタカナ変換 ... 
Updating node: サ変動詞変換 ... 
Updating node: 異体字へ変換する ... 
Updating node: ファンクションキーの使い方 ... 
Updating node: キー設定 ... 
Updating node: かなモード/カナモードのキー設定 ... 
Updating node: ローマ字のルールの設定 ... 
Updating node: ローマ字ルールの変更例 ... 
Updating node: ■モードに関連するその他の変数 ... 
Updating node: 数字や記号文字の入力 ... 
Updating node: 全英モードのキー設定 ... 
Updating node: 閉じ括弧の自動入力 ... 
Updating node: 確定するキー ... 
Updating node: 候補の選択に用いるキー ... 
Updating node: ▼モードでのRET ... 
Updating node: ▼モードでのBS ... 
Updating node: 送りあり変換中のC-g ... 
Updating node: 変換位置の指定方法 ... 
Updating node: 1回の取り消し操作(undo)の対象 ... 
Updating node: 変換、確定の前後 ... 
Updating node: ポイントを戻して▽モードへ ... 
Updating node: 直前の確定を再変換 ... 
Updating node: 自動変換開始 ... 
Updating node: 暗黙の確定のタイミング ... 
Updating node: 積極的な確定 ... 
Updating node: 確定辞書 ... 
Updating node: 送り仮名関連 ... 
Updating node: 送り仮名の厳密なマッチ ... 
Updating node: 送り仮名の優先的なマッチ ... 
Updating node: 送り仮名の自動処理 ... 
Updating node: どのように変換されるか ... 
Updating node: 辞書登録の際に注意すべきこと ... 
Updating node: 送りあり変換の変換開始のタイミング ... 
Updating node: 候補の順序 ... 
Updating node: 変換の学習 ... 
Updating node: 候補の順序の固定 ... 
Updating node: ベイズ統計を用いた学習 ... 
Updating node: 辞書関連 ... 
Updating node: 辞書の種類 ... 
Updating node: 辞書ファイルの指定 ... 
Updating node: 辞書の検索方法の設定 ... 
Updating node: 辞書検索の設定の具体例 ... 
Updating node: 辞書検索のための関数 ... 
Updating node: Emacs 付属の辞書 ... 
Updating node: サーバ関連 ... 
Updating node: サーバコンプリージョン ... 
Updating node: 辞書の書式 ... 
Updating node: 送りありエントリと送りなしエントリ ... 
Updating node: 送りありエントリのブロック形式 ... 
Updating node: エントリの配列 ... 
Updating node: 強制的に辞書登録モードへ入る ... 
Updating node: 誤った登録の削除 ... 
Updating node: 個人辞書ファイルの編集 ... 
Updating node: 個人辞書の保存動作 ... 
Updating node: 変換及び個人辞書に関する統計 ... 
Updating node: 辞書バッファ ... 
Updating node: 辞書バッファの文字コードの設定 ... 
Updating node: 辞書バッファのbuffer-file-name ... 
Updating node: 注釈 (アノテーション) ... 
Updating node: アノテーションの基礎 ... 
Updating node: アノテーションの使用 ... 
Updating node: アノテーションの登録 ... 
Updating node: アノテーションとして EPWING 辞書を表示する ... 
Updating node: Mac OS X 「辞書」サービスからアノテーションを取得する ... 
Updating node: Wikipedia/Wiktionary からアノテーションを取得する ... 
Updating node: 外部コマンドからアノテーションを取得する ... 
Updating node: 各種アノテーション機能を SKK の枠をこえて活用する ... 
Updating node: 文字コード関連 ... 
Updating node: 文字コードまたはメニューによる文字入力 ... 
Updating node: メニューによる文字入力 ... 
Updating node: 文字コード一覧 ... 
Updating node: 文字コードを知る方法 ... 
Updating node: DDSKK 以外のツールを用いた辞書変換 ... 
Updating node: skk-lookup ... 
Updating node: skk-look ... 
Updating node: 英単語の補完 ... 
Updating node: 英単語をあいまいに変換して取り出す ... 
Updating node: 英単語をあいまいに変換して取り出した後、更に再帰的な英和変換を行う ... 
Updating node: Lisp シンボル名の補完検索変換 ... 
Updating node: 飾りつけ ... 
Updating node: 仮名文字のローマ字プレフィックスのエコー ... 
Updating node: 入力モードを示すモードラインの文字列の変更 ... 
Updating node: 入力モードを示すカーソル色に関する設定 ... 
Updating node: 変換候補一覧の表示方法 ... 
Updating node: ▼モードにおける変換候補のハイライト表示 ... 
Updating node: 変換候補の更なる装飾 ... 
Updating node: モードラインの装飾 ... 
Updating node: インジケータ ... 
Updating node: アイコン ... 
Updating node: ユーザガイダンス関連 ... 
Updating node: エラーなどの日本語表示 ... 
Updating node: 冗長な案内メッセージの表示 ... 
Updating node: I-search関連 ... 
Updating node: 起動時の入力モードの指定 ... 
Updating node: 間に空白等を含む文字列の検索 ... 
Updating node: VIP/VIPERとの併用 ... 
Updating node: picture-modeとの併用 ... 
Updating node: ローマ字入力以外の入力方式 ... 
Updating node: AZIK ... 
Updating node: ACT ... 
Updating node: TUT-code ... 
Updating node: かな入力と親指シフト ... 
Updating node: そのほかの拡張機能 ... 
Updating node: 交ぜ書き変換 ... 
Updating node: Google CGI API for Japanese Input を利用したかな漢字変換 ... 
Updating node: SKKに関する情報 ... 
Updating node: 最新情報 ... 
Updating node: SKKメーリングリスト ... 
Updating node: SKK関連ソフトウェア ... 
Updating node: SKK辞書について ... 
Updating node: 辞書ツール ... 
Updating node: SKKの作者 ... 
Updating node: SKKの歴史 ... 
Updating node: このマニュアルについて ... 
Updating node: 謝辞 ... 
Updating node: よくある質問とその回答(FAQ) ... 
Updating node: Introduction ... 
Updating node: Q1-1 Daredevil SKK って SKK とは違うのですか? ... 
Updating node: Q1-2 SKK はシンプルなのが長所だったのでは? ... 
Updating node: Q1-3 DDSKK はどの Emacs で使えますか? ... 
Updating node: Q1-4 DDSKK はどんなオペレーティングシステムで使えますか? ... 
Updating node: Q1-5 APEL って何? 必要ですか? ... 
Updating node: Installation ... 
Updating node: Q2-1 SKK を使うのに何が必要ですか? ... 
Updating node: Q2-2 SKK 辞書はどこにありますか? ... 
Updating node: Q2-3 SKK サーバはどこにありますか? ... 
Updating node: Customization ... 
Updating node: Q3-1 「．」、「，」 が入力できるようにカスタマイズしたいのですが。 ... 
Updating node: Q3-2 「ゐ」や「ヰ」 が入力できるようにカスタマイズしたいのですが。 ... 
Updating node: Q3-3 検索する辞書を増やしたいのですが。 ... 
Updating node: Q3-4 左手の小指を SHIFT で酷使したくありません。 ... 
Updating node: Q3-5 全く漢字が出てきません。 ... 
Updating node: Q3-6 チュートリアルが起動できません。 ... 
Updating node: Dictionaries ... 
Updating node: Q4-1 SKK には郵便番号辞書がありますか? ... 
Updating node: Q4-2 SKK の辞書には、品詞情報がないんですね。 ... 
Updating node: Q4-3 複数の SKK 辞書を結合できますか? ... 
Updating node: Q4-4 SKK 形式の英和辞書があると聞いたのですが。 ... 
Updating node: Miscellaneous ... 
Updating node: Q5-1 SKK abbrev モードでもっと英単語を利用した変換ができませんか? ... 
Updating node: Q5-2 市販の CD-ROM 辞書やネットワークの辞書サーバが利用できますか? ... 
Updating node: Q5-3 他の FEP を使用中にも SHIFT を押してしまいます。 ... 
Updating node: 事項索引 ... 
Updating node: 変数索引 ... 
Updating node: 関数索引 ... 
Updating node: キー索引 ... 
Done...nodes updated in region.  You may save the buffer.
Done...updated every node.  You may save the buffer.
Formatting Info file...
Formatting Info file: skk.info
Converting skk.texi to Info format...
Formatting: SKK ... 
Formatting: はじめに ... 
Formatting: このバージョンのSKKについて ... 
Formatting: SKKとはなにか ... 
Formatting: インストール ... 
Formatting: APEL のインストール ... 
Formatting: DDSKK のインストール ... 
Formatting: GNU Emacs へのインストール ... 
Formatting: XEmacs へのインストール ... 
Formatting: 対話的なインストール ... 
Formatting: 辞書について ... 
Formatting: 辞書の入手 ... 
Formatting: 辞書を DDSKK と同時にインストールする ... 
Formatting: 辞書サーバの入手 ... 
Formatting: はじめの設定 ... 
Formatting: 最も基本的な設定 ... 
Formatting: インクリメント検索の設定 ... 
Formatting: 辞書サーバを使いたいときの設定 ... 
Formatting: DDSKK を Emacs の Input Method とする ... 
Formatting: 基本的な使い方 ... 
Formatting: 起動と終了 ... 
Formatting: SKKオートフィルモード ... 
Formatting: 辞書の保存 ... 
Formatting: 入力モード ... 
Formatting: 入力モードの説明 ... 
Formatting: 入力モードを切り替えるキー ... 
Formatting: 変換モード ... 
Formatting: ■モード ... 
Formatting: ▽モード ... 
Formatting: 後から▽モードに入る方法 ... 
Formatting: ▽モードを抜ける方法 ... 
Formatting: ▼モード ... 
Formatting: 送り仮名が無い場合 ... 
Formatting: 次候補・前候補 ... 
Formatting: 送り仮名が有る場合 ... 
Formatting: 辞書登録モード ... 
Formatting: 送り仮名が無い場合の辞書登録 ... 
Formatting: 送り仮名が有る場合の辞書登録 ... 
Formatting: サ変動詞の辞書登録に関する注意 ... 
Formatting: 再帰的辞書登録 ... 
Formatting: 改行文字を含む辞書登録 ... 
Formatting: インクリメンタル・サーチ ... 
Formatting: skk-isearchの操作性 ... 
Formatting: skk-isearchと入力モード ... 
Formatting: チュートリアル ... 
Formatting: 便利な応用機能 ... 
Formatting: ファイル構成 ... 
Formatting: ユーザオプションの設定方法 ... 
Formatting: 設定ファイル ... 
Formatting: skk-init-fileの自動コンパイル ... 
Formatting: フック ... 
Formatting: Customize による設定変更 ... 
Formatting: skk-customize による設定変更 ... 
Formatting: カタカナ、英字入力の便法 ... 
Formatting: かなモードからカタカナを入力 ... 
Formatting: 全英文字の入力 ... 
Formatting: 領域の操作 ... 
Formatting: カタカナの見出し語 ... 
Formatting: 文脈に応じた自動モード切り替え ... 
Formatting: 補完 ... 
Formatting: 読みの補完 ... 
Formatting: 補完しながら変換 ... 
Formatting: 動的補完 ... 
Formatting: 便利な変換、その他の変換 ... 
Formatting: 単漢字変換 ... 
Formatting: 検索キーの設定 ... 
Formatting: 辞書の設定 ... 
Formatting: 総画数による単漢字変換 ... 
Formatting: 部首による単漢字変換 ... 
Formatting: 部首の読みによる単漢字変換 ... 
Formatting: 候補の絞り込み ... 
Formatting: 接頭辞・接尾辞 ... 
Formatting: 数値変換 ... 
Formatting: アスキー文字を見出し語とした変換 ... 
Formatting: 今日の日付の入力 ... 
Formatting: プログラム実行変換 ... 
Formatting: 空白・改行・タブを含んだ見出し語の変換 ... 
Formatting: カタカナ変換 ... 
Formatting: サ変動詞変換 ... 
Formatting: 異体字へ変換する ... 
Formatting: ファンクションキーの使い方 ... 
Formatting: キー設定 ... 
Formatting: かなモード/カナモードのキー設定 ... 
Formatting: ローマ字のルールの設定 ... 
Formatting: ローマ字ルールの変更例 ... 
Formatting: ■モードに関連するその他の変数 ... 
Formatting: 数字や記号文字の入力 ... 
Formatting: 全英モードのキー設定 ... 
Formatting: 閉じ括弧の自動入力 ... 
Formatting: 確定するキー ... 
Formatting: 候補の選択に用いるキー ... 
Formatting: ▼モードでのRET ... 
Formatting: ▼モードでのBS ... 
Formatting: 送りあり変換中のC-g ... 
Formatting: 変換位置の指定方法 ... 
Mark set
Mark set
Mark set
Mark set
Mark set
Mark set
Mark set
Mark set
Mark set
Mark set
Mark set
Mark set
Mark set
Mark set
Mark set
Formatting: 1回の取り消し操作(undo)の対象 ... 
Formatting: 変換、確定の前後 ... 
Formatting: ポイントを戻して▽モードへ ... 
Formatting: 直前の確定を再変換 ... 
Formatting: 自動変換開始 ... 
Formatting: 暗黙の確定のタイミング ... 
Formatting: 積極的な確定 ... 
Formatting: 確定辞書 ... 
Formatting: 送り仮名関連 ... 
Formatting: 送り仮名の厳密なマッチ ... 
Formatting: 送り仮名の優先的なマッチ ... 
Formatting: 送り仮名の自動処理 ... 
Formatting: どのように変換されるか ... 
Formatting: 辞書登録の際に注意すべきこと ... 
Formatting: 送りあり変換の変換開始のタイミング ... 
Formatting: 候補の順序 ... 
Formatting: 変換の学習 ... 
Formatting: 候補の順序の固定 ... 
Formatting: ベイズ統計を用いた学習 ... 
Formatting: 辞書関連 ... 
Formatting: 辞書の種類 ... 
Formatting: 辞書ファイルの指定 ... 
Formatting: 辞書の検索方法の設定 ... 
Formatting: 辞書検索の設定の具体例 ... 
Formatting: 辞書検索のための関数 ... 
Formatting: Emacs 付属の辞書 ... 
Formatting: サーバ関連 ... 
Formatting: サーバコンプリージョン ... 
Formatting: 辞書の書式 ... 
Formatting: 送りありエントリと送りなしエントリ ... 
Formatting: 送りありエントリのブロック形式 ... 
Formatting: エントリの配列 ... 
Formatting: 強制的に辞書登録モードへ入る ... 
Formatting: 誤った登録の削除 ... 
Formatting: 個人辞書ファイルの編集 ... 
Formatting: 個人辞書の保存動作 ... 
Formatting: 変換及び個人辞書に関する統計 ... 
Formatting: 辞書バッファ ... 
Formatting: 辞書バッファの文字コードの設定 ... 
Formatting: 辞書バッファのbuffer-file-name ... 
Formatting: 注釈 (アノテーション) ... 
Formatting: アノテーションの基礎 ... 
Formatting: アノテーションの使用 ... 
Formatting: アノテーションの登録 ... 
Formatting: アノテーションとして EPWING 辞書を表示する ... 
Formatting: Mac OS X 「辞書」サービスからアノテーションを取得する ... 
Formatting: Wikipedia/Wiktionary からアノテーションを取得する ... 
Formatting: 外部コマンドからアノテーションを取得する ... 
Formatting: 各種アノテーション機能を SKK の枠をこえて活用する ... 
Formatting: 文字コード関連 ... 
Formatting: 文字コードまたはメニューによる文字入力 ... 
Formatting: メニューによる文字入力 ... 
Formatting: 文字コード一覧 ... 
Formatting: 文字コードを知る方法 ... 
Formatting: DDSKK 以外のツールを用いた辞書変換 ... 
Formatting: skk-lookup ... 
Formatting: skk-look ... 
Formatting: 英単語の補完 ... 
Formatting: 英単語をあいまいに変換して取り出す ... 
Formatting: 英単語をあいまいに変換して取り出した後、更に再帰的な英和変換を行う ... 
Formatting: Lisp シンボル名の補完検索変換 ... 
Formatting: 飾りつけ ... 
Formatting: 仮名文字のローマ字プレフィックスのエコー ... 
Formatting: 入力モードを示すモードラインの文字列の変更 ... 
Formatting: 入力モードを示すカーソル色に関する設定 ... 
Formatting: 変換候補一覧の表示方法 ... 
Formatting: ▼モードにおける変換候補のハイライト表示 ... 
Formatting: 変換候補の更なる装飾 ... 
Formatting: モードラインの装飾 ... 
Formatting: インジケータ ... 
Formatting: アイコン ... 
Formatting: ユーザガイダンス関連 ... 
Formatting: エラーなどの日本語表示 ... 
Formatting: 冗長な案内メッセージの表示 ... 
Formatting: I-search関連 ... 
Formatting: 起動時の入力モードの指定 ... 
Formatting: 間に空白等を含む文字列の検索 ... 
Formatting: VIP/VIPERとの併用 ... 
Formatting: picture-modeとの併用 ... 
Formatting: ローマ字入力以外の入力方式 ... 
Formatting: AZIK ... 
Formatting: ACT ... 
Formatting: TUT-code ... 
Formatting: かな入力と親指シフト ... 
Formatting: そのほかの拡張機能 ... 
Formatting: 交ぜ書き変換 ... 
Formatting: Google CGI API for Japanese Input を利用したかな漢字変換 ... 
Formatting: SKKに関する情報 ... 
Formatting: 最新情報 ... 
Formatting: SKKメーリングリスト ... 
Formatting: SKK関連ソフトウェア ... 
Formatting: SKK辞書について ... 
Formatting: 辞書ツール ... 
Formatting: SKKの作者 ... 
Formatting: SKKの歴史 ... 
Formatting: このマニュアルについて ... 
Formatting: 謝辞 ... 
Formatting: よくある質問とその回答(FAQ) ... 
Formatting: SKK のなぜなに ... 
Formatting: Q1-1 Daredevil SKK って SKK とは違うのですか? ... 
Formatting: Q1-2 SKK はシンプルなのが長所だったのでは? ... 
Formatting: Q1-3 DDSKK はどの Emacs で使えますか? ... 
Formatting: Q1-4 DDSKK はどんなオペレーティングシステムで使えますか? ... 
Formatting: Q1-5 APEL って何? 必要ですか? ... 
Formatting: SKK の入手から導入まで ... 
Formatting: Q2-1 SKK を使うのに何が必要ですか? ... 
Formatting: Q2-2 SKK 辞書はどこにありますか? ... 
Formatting: Q2-3 SKK サーバはどこにありますか? ... 
Formatting: SKK の基本設定からお好みのカスタマイズまで ... 
Formatting: Q3-1 「．」、「，」 が入力できるようにカスタマイズしたいのですが。 ... 
Formatting: Q3-2 「ゐ」や「ヰ」 が入力できるようにカスタマイズしたいのですが。 ... 
Formatting: Q3-3 検索する辞書を増やしたいのですが。 ... 
Formatting: Q3-4 左手の小指を SHIFT で酷使したくありません。 ... 
Formatting: Q3-5 全く漢字が出てきません。 ... 
Formatting: Q3-6 チュートリアルが起動できません。 ... 
Formatting: SKK 辞書関連 ... 
Formatting: Q4-1 SKK には郵便番号辞書がありますか? ... 
Formatting: Q4-2 SKK の辞書には、品詞情報がないんですね。 ... 
Formatting: Q4-3 複数の SKK 辞書を結合できますか? ... 
Formatting: Q4-4 SKK 形式の英和辞書があると聞いたのですが。 ... 
Formatting: SKK の活用法その他 ... 
Formatting: Q5-1 SKK abbrev モードでもっと英単語を利用した変換ができませんか? ... 
Formatting: Q5-2 市販の CD-ROM 辞書やネットワークの辞書サーバが利用できますか? ... 
Formatting: Q5-3 他の FEP を使用中にも SHIFT を押してしまいます。 ... 
Formatting: 事項索引 ... 
646g00148/winapp/gnupack_devel-11.00/app/emacs/emacs/site-lisp/skk
skk-vars.elc -> c:/Documents and Settings/646g00148/winapp/gnupack_devel-11.00/app/emacs/emacs/site-lisp/skk
skk-version.el -> c:/Documents and Settings/646g00148/winapp/gnupack_devel-11.00/app/emacs/emacs/site-lisp/skk
skk-version.elc -> c:/Documents and Settings/646g00148/winapp/gnupack_devel-11.00/app/emacs/emacs/site-lisp/skk
skk.el -> c:/Documents and Settings/646g00148/winapp/gnupack_devel-11.00/app/emacs/emacs/site-lisp/skk
skk.elc -> c:/Documents and Settings/646g00148/winapp/gnupack_devel-11.00/app/emacs/emacs/site-lisp/skk
skk-study.el -> c:/Documents and Settings/646g00148/winapp/gnupack_devel-11.00/app/emacs/emacs/site-lisp/skk
skk-study.elc -> c:/Documents and Settings/646g00148/winapp/gnupack_devel-11.00/app/emacs/emacs/site-lisp/skk
SKK-JISYO.L -> c:/Documents and Settings/646g00148/winapp/gnupack_devel-11.00/app/emacs/emacs/etc/skk
leim-list.el -> c:/Documents and Settings/646g00148/winapp/gnupack_devel-11.00/app/emacs/emacs/site-lisp/skk
skk-setup.el -> c:/Documents and Settings/646g00148/winapp/gnupack_devel-11.00/app/emacs/emacs/site-lisp/skk
SKK.tut -> c:/Documents and Settings/646g00148/winapp/gnupack_devel-11.00/app/emacs/emacs/etc/skk
SKK.tut.E -> c:/Documents and Settings/646g00148/winapp/gnupack_devel-11.00/app/emacs/emacs/etc/skk
NICOLA-SKK.tut -> c:/Documents and Settings/646g00148/winapp/gnupack_devel-11.00/app/emacs/emacs/etc/skk
skk.xpm -> c:/Documents and Settings/646g00148/winapp/gnupack_devel-11.00/app/emacs/emacs/etc/skk
Searching for program: no such file or directory, /bin/bash
Makefile:40: recipe for target `install' failed
make: *** [install] Error 127
